2021-04-03 00:57:36,537 | DEBUG | proactor_events.py:623| Using proactor: IocpProactor
2021-04-03 00:57:45,634 | DEBUG | proactor_events.py:623| Using proactor: IocpProactor
2021-04-03 00:57:54,587 | DEBUG | proactor_events.py:623| Using proactor: IocpProactor
2021-04-03 01:01:28,266 | DEBUG | proactor_events.py:623| Using proactor: IocpProactor
2021-04-03 01:01:50,671 | DEBUG | views.py:156| Now we are in the vacation forms
2021-04-03 01:01:52,012 | ERROR | log.py:224| Internal Server Error: /vacation_forms/
Traceback (most recent call last):
  File "D:\workbench2\learning\wissam_alahmadieh\venv\lib\site-packages\django\core\handlers\exception.py", line 47, in inner
    response = get_response(request)
  File "D:\workbench2\learning\wissam_alahmadieh\venv\lib\site-packages\django\core\handlers\base.py", line 181, in _get_response
    response = wrapped_callback(request, *callback_args, **callback_kwargs)
  File "D:\workbench2\learning\wissam_alahmadieh\src\python-bootcamp\final_project\final_app\views.py", line 168, in vacation_forms
    return render(request,'vacation_forms.html',context)
  File "D:\workbench2\learning\wissam_alahmadieh\venv\lib\site-packages\django\shortcuts.py", line 19, in render
    content = loader.render_to_string(template_name, context, request, using=using)
  File "D:\workbench2\learning\wissam_alahmadieh\venv\lib\site-packages\django\template\loader.py", line 62, in render_to_string
    return template.render(context, request)
  File "D:\workbench2\learning\wissam_alahmadieh\venv\lib\site-packages\django\template\backends\django.py", line 61, in render
    return self.template.render(context)
  File "D:\workbench2\learning\wissam_alahmadieh\venv\lib\site-packages\django\template\base.py", line 170, in render
    return self._render(context)
  File "D:\workbench2\learning\wissam_alahmadieh\venv\lib\site-packages\django\template\base.py", line 162, in _render
    return self.nodelist.render(context)
  File "D:\workbench2\learning\wissam_alahmadieh\venv\lib\site-packages\django\template\base.py", line 938, in render
    bit = node.render_annotated(context)
  File "D:\workbench2\learning\wissam_alahmadieh\venv\lib\site-packages\django\template\base.py", line 905, in render_annotated
    return self.render(context)
  File "D:\workbench2\learning\wissam_alahmadieh\venv\lib\site-packages\django\template\loader_tags.py", line 150, in render
    return compiled_parent._render(context)
  File "D:\workbench2\learning\wissam_alahmadieh\venv\lib\site-packages\django\template\base.py", line 162, in _render
    return self.nodelist.render(context)
  File "D:\workbench2\learning\wissam_alahmadieh\venv\lib\site-packages\django\template\base.py", line 938, in render
    bit = node.render_annotated(context)
  File "D:\workbench2\learning\wissam_alahmadieh\venv\lib\site-packages\django\template\base.py", line 905, in render_annotated
    return self.render(context)
  File "D:\workbench2\learning\wissam_alahmadieh\venv\lib\site-packages\django\template\defaulttags.py", line 312, in render
    return nodelist.render(context)
  File "D:\workbench2\learning\wissam_alahmadieh\venv\lib\site-packages\django\template\base.py", line 938, in render
    bit = node.render_annotated(context)
  File "D:\workbench2\learning\wissam_alahmadieh\venv\lib\site-packages\django\template\base.py", line 905, in render_annotated
    return self.render(context)
  File "D:\workbench2\learning\wissam_alahmadieh\venv\lib\site-packages\django\template\defaulttags.py", line 446, in render
    url = reverse(view_name, args=args, kwargs=kwargs, current_app=current_app)
  File "D:\workbench2\learning\wissam_alahmadieh\venv\lib\site-packages\django\urls\base.py", line 87, in reverse
    return iri_to_uri(resolver._reverse_with_prefix(view, prefix, *args, **kwargs))
  File "D:\workbench2\learning\wissam_alahmadieh\venv\lib\site-packages\django\urls\resolvers.py", line 685, in _reverse_with_prefix
    raise NoReverseMatch(msg)
django.urls.exceptions.NoReverseMatch: Reverse for 'user_logout' not found. 'user_logout' is not a valid view function or pattern name.
2021-04-03 01:01:52,012 | ERROR | log.py:224| Internal Server Error: /vacation_forms/
Traceback (most recent call last):
  File "D:\workbench2\learning\wissam_alahmadieh\venv\lib\site-packages\django\core\handlers\exception.py", line 47, in inner
    response = get_response(request)
  File "D:\workbench2\learning\wissam_alahmadieh\venv\lib\site-packages\django\core\handlers\base.py", line 181, in _get_response
    response = wrapped_callback(request, *callback_args, **callback_kwargs)
  File "D:\workbench2\learning\wissam_alahmadieh\src\python-bootcamp\final_project\final_app\views.py", line 168, in vacation_forms
    return render(request,'vacation_forms.html',context)
  File "D:\workbench2\learning\wissam_alahmadieh\venv\lib\site-packages\django\shortcuts.py", line 19, in render
    content = loader.render_to_string(template_name, context, request, using=using)
  File "D:\workbench2\learning\wissam_alahmadieh\venv\lib\site-packages\django\template\loader.py", line 62, in render_to_string
    return template.render(context, request)
  File "D:\workbench2\learning\wissam_alahmadieh\venv\lib\site-packages\django\template\backends\django.py", line 61, in render
    return self.template.render(context)
  File "D:\workbench2\learning\wissam_alahmadieh\venv\lib\site-packages\django\template\base.py", line 170, in render
    return self._render(context)
  File "D:\workbench2\learning\wissam_alahmadieh\venv\lib\site-packages\django\template\base.py", line 162, in _render
    return self.nodelist.render(context)
  File "D:\workbench2\learning\wissam_alahmadieh\venv\lib\site-packages\django\template\base.py", line 938, in render
    bit = node.render_annotated(context)
  File "D:\workbench2\learning\wissam_alahmadieh\venv\lib\site-packages\django\template\base.py", line 905, in render_annotated
    return self.render(context)
  File "D:\workbench2\learning\wissam_alahmadieh\venv\lib\site-packages\django\template\loader_tags.py", line 150, in render
    return compiled_parent._render(context)
  File "D:\workbench2\learning\wissam_alahmadieh\venv\lib\site-packages\django\template\base.py", line 162, in _render
    return self.nodelist.render(context)
  File "D:\workbench2\learning\wissam_alahmadieh\venv\lib\site-packages\django\template\base.py", line 938, in render
    bit = node.render_annotated(context)
  File "D:\workbench2\learning\wissam_alahmadieh\venv\lib\site-packages\django\template\base.py", line 905, in render_annotated
    return self.render(context)
  File "D:\workbench2\learning\wissam_alahmadieh\venv\lib\site-packages\django\template\defaulttags.py", line 312, in render
    return nodelist.render(context)
  File "D:\workbench2\learning\wissam_alahmadieh\venv\lib\site-packages\django\template\base.py", line 938, in render
    bit = node.render_annotated(context)
  File "D:\workbench2\learning\wissam_alahmadieh\venv\lib\site-packages\django\template\base.py", line 905, in render_annotated
    return self.render(context)
  File "D:\workbench2\learning\wissam_alahmadieh\venv\lib\site-packages\django\template\defaulttags.py", line 446, in render
    url = reverse(view_name, args=args, kwargs=kwargs, current_app=current_app)
  File "D:\workbench2\learning\wissam_alahmadieh\venv\lib\site-packages\django\urls\base.py", line 87, in reverse
    return iri_to_uri(resolver._reverse_with_prefix(view, prefix, *args, **kwargs))
  File "D:\workbench2\learning\wissam_alahmadieh\venv\lib\site-packages\django\urls\resolvers.py", line 685, in _reverse_with_prefix
    raise NoReverseMatch(msg)
django.urls.exceptions.NoReverseMatch: Reverse for 'user_logout' not found. 'user_logout' is not a valid view function or pattern name.
2021-04-03 01:01:52,161 | ERROR | basehttp.py:157| "GET /vacation_forms/ HTTP/1.1" 500 152717
2021-04-03 01:01:52,161 | ERROR | basehttp.py:157| "GET /vacation_forms/ HTTP/1.1" 500 152717
2021-04-03 01:01:57,746 | DEBUG | views.py:156| Now we are in the vacation forms
2021-04-03 01:01:58,202 | ERROR | log.py:224| Internal Server Error: /vacation_forms/
Traceback (most recent call last):
  File "D:\workbench2\learning\wissam_alahmadieh\venv\lib\site-packages\django\core\handlers\exception.py", line 47, in inner
    response = get_response(request)
  File "D:\workbench2\learning\wissam_alahmadieh\venv\lib\site-packages\django\core\handlers\base.py", line 181, in _get_response
    response = wrapped_callback(request, *callback_args, **callback_kwargs)
  File "D:\workbench2\learning\wissam_alahmadieh\src\python-bootcamp\final_project\final_app\views.py", line 168, in vacation_forms
    return render(request,'vacation_forms.html',context)
  File "D:\workbench2\learning\wissam_alahmadieh\venv\lib\site-packages\django\shortcuts.py", line 19, in render
    content = loader.render_to_string(template_name, context, request, using=using)
  File "D:\workbench2\learning\wissam_alahmadieh\venv\lib\site-packages\django\template\loader.py", line 62, in render_to_string
    return template.render(context, request)
  File "D:\workbench2\learning\wissam_alahmadieh\venv\lib\site-packages\django\template\backends\django.py", line 61, in render
    return self.template.render(context)
  File "D:\workbench2\learning\wissam_alahmadieh\venv\lib\site-packages\django\template\base.py", line 170, in render
    return self._render(context)
  File "D:\workbench2\learning\wissam_alahmadieh\venv\lib\site-packages\django\template\base.py", line 162, in _render
    return self.nodelist.render(context)
  File "D:\workbench2\learning\wissam_alahmadieh\venv\lib\site-packages\django\template\base.py", line 938, in render
    bit = node.render_annotated(context)
  File "D:\workbench2\learning\wissam_alahmadieh\venv\lib\site-packages\django\template\base.py", line 905, in render_annotated
    return self.render(context)
  File "D:\workbench2\learning\wissam_alahmadieh\venv\lib\site-packages\django\template\loader_tags.py", line 150, in render
    return compiled_parent._render(context)
  File "D:\workbench2\learning\wissam_alahmadieh\venv\lib\site-packages\django\template\base.py", line 162, in _render
    return self.nodelist.render(context)
  File "D:\workbench2\learning\wissam_alahmadieh\venv\lib\site-packages\django\template\base.py", line 938, in render
    bit = node.render_annotated(context)
  File "D:\workbench2\learning\wissam_alahmadieh\venv\lib\site-packages\django\template\base.py", line 905, in render_annotated
    return self.render(context)
  File "D:\workbench2\learning\wissam_alahmadieh\venv\lib\site-packages\django\template\defaulttags.py", line 312, in render
    return nodelist.render(context)
  File "D:\workbench2\learning\wissam_alahmadieh\venv\lib\site-packages\django\template\base.py", line 938, in render
    bit = node.render_annotated(context)
  File "D:\workbench2\learning\wissam_alahmadieh\venv\lib\site-packages\django\template\base.py", line 905, in render_annotated
    return self.render(context)
  File "D:\workbench2\learning\wissam_alahmadieh\venv\lib\site-packages\django\template\defaulttags.py", line 446, in render
    url = reverse(view_name, args=args, kwargs=kwargs, current_app=current_app)
  File "D:\workbench2\learning\wissam_alahmadieh\venv\lib\site-packages\django\urls\base.py", line 87, in reverse
    return iri_to_uri(resolver._reverse_with_prefix(view, prefix, *args, **kwargs))
  File "D:\workbench2\learning\wissam_alahmadieh\venv\lib\site-packages\django\urls\resolvers.py", line 685, in _reverse_with_prefix
    raise NoReverseMatch(msg)
django.urls.exceptions.NoReverseMatch: Reverse for 'user_logout' not found. 'user_logout' is not a valid view function or pattern name.
2021-04-03 01:01:58,202 | ERROR | log.py:224| Internal Server Error: /vacation_forms/
Traceback (most recent call last):
  File "D:\workbench2\learning\wissam_alahmadieh\venv\lib\site-packages\django\core\handlers\exception.py", line 47, in inner
    response = get_response(request)
  File "D:\workbench2\learning\wissam_alahmadieh\venv\lib\site-packages\django\core\handlers\base.py", line 181, in _get_response
    response = wrapped_callback(request, *callback_args, **callback_kwargs)
  File "D:\workbench2\learning\wissam_alahmadieh\src\python-bootcamp\final_project\final_app\views.py", line 168, in vacation_forms
    return render(request,'vacation_forms.html',context)
  File "D:\workbench2\learning\wissam_alahmadieh\venv\lib\site-packages\django\shortcuts.py", line 19, in render
    content = loader.render_to_string(template_name, context, request, using=using)
  File "D:\workbench2\learning\wissam_alahmadieh\venv\lib\site-packages\django\template\loader.py", line 62, in render_to_string
    return template.render(context, request)
  File "D:\workbench2\learning\wissam_alahmadieh\venv\lib\site-packages\django\template\backends\django.py", line 61, in render
    return self.template.render(context)
  File "D:\workbench2\learning\wissam_alahmadieh\venv\lib\site-packages\django\template\base.py", line 170, in render
    return self._render(context)
  File "D:\workbench2\learning\wissam_alahmadieh\venv\lib\site-packages\django\template\base.py", line 162, in _render
    return self.nodelist.render(context)
  File "D:\workbench2\learning\wissam_alahmadieh\venv\lib\site-packages\django\template\base.py", line 938, in render
    bit = node.render_annotated(context)
  File "D:\workbench2\learning\wissam_alahmadieh\venv\lib\site-packages\django\template\base.py", line 905, in render_annotated
    return self.render(context)
  File "D:\workbench2\learning\wissam_alahmadieh\venv\lib\site-packages\django\template\loader_tags.py", line 150, in render
    return compiled_parent._render(context)
  File "D:\workbench2\learning\wissam_alahmadieh\venv\lib\site-packages\django\template\base.py", line 162, in _render
    return self.nodelist.render(context)
  File "D:\workbench2\learning\wissam_alahmadieh\venv\lib\site-packages\django\template\base.py", line 938, in render
    bit = node.render_annotated(context)
  File "D:\workbench2\learning\wissam_alahmadieh\venv\lib\site-packages\django\template\base.py", line 905, in render_annotated
    return self.render(context)
  File "D:\workbench2\learning\wissam_alahmadieh\venv\lib\site-packages\django\template\defaulttags.py", line 312, in render
    return nodelist.render(context)
  File "D:\workbench2\learning\wissam_alahmadieh\venv\lib\site-packages\django\template\base.py", line 938, in render
    bit = node.render_annotated(context)
  File "D:\workbench2\learning\wissam_alahmadieh\venv\lib\site-packages\django\template\base.py", line 905, in render_annotated
    return self.render(context)
  File "D:\workbench2\learning\wissam_alahmadieh\venv\lib\site-packages\django\template\defaulttags.py", line 446, in render
    url = reverse(view_name, args=args, kwargs=kwargs, current_app=current_app)
  File "D:\workbench2\learning\wissam_alahmadieh\venv\lib\site-packages\django\urls\base.py", line 87, in reverse
    return iri_to_uri(resolver._reverse_with_prefix(view, prefix, *args, **kwargs))
  File "D:\workbench2\learning\wissam_alahmadieh\venv\lib\site-packages\django\urls\resolvers.py", line 685, in _reverse_with_prefix
    raise NoReverseMatch(msg)
django.urls.exceptions.NoReverseMatch: Reverse for 'user_logout' not found. 'user_logout' is not a valid view function or pattern name.
2021-04-03 01:01:58,220 | ERROR | basehttp.py:157| "GET /vacation_forms/ HTTP/1.1" 500 152496
2021-04-03 01:01:58,220 | ERROR | basehttp.py:157| "GET /vacation_forms/ HTTP/1.1" 500 152496
2021-04-03 01:02:30,431 | DEBUG | proactor_events.py:623| Using proactor: IocpProactor
2021-04-03 01:02:42,847 | DEBUG | views.py:156| Now we are in the vacation forms
2021-04-03 01:02:43,931 | ERROR | log.py:224| Internal Server Error: /vacation_forms/
Traceback (most recent call last):
  File "D:\workbench2\learning\wissam_alahmadieh\venv\lib\site-packages\django\core\handlers\exception.py", line 47, in inner
    response = get_response(request)
  File "D:\workbench2\learning\wissam_alahmadieh\venv\lib\site-packages\django\core\handlers\base.py", line 181, in _get_response
    response = wrapped_callback(request, *callback_args, **callback_kwargs)
  File "D:\workbench2\learning\wissam_alahmadieh\src\python-bootcamp\final_project\final_app\views.py", line 168, in vacation_forms
    return render(request,'vacation_forms.html',context)
  File "D:\workbench2\learning\wissam_alahmadieh\venv\lib\site-packages\django\shortcuts.py", line 19, in render
    content = loader.render_to_string(template_name, context, request, using=using)
  File "D:\workbench2\learning\wissam_alahmadieh\venv\lib\site-packages\django\template\loader.py", line 62, in render_to_string
    return template.render(context, request)
  File "D:\workbench2\learning\wissam_alahmadieh\venv\lib\site-packages\django\template\backends\django.py", line 61, in render
    return self.template.render(context)
  File "D:\workbench2\learning\wissam_alahmadieh\venv\lib\site-packages\django\template\base.py", line 170, in render
    return self._render(context)
  File "D:\workbench2\learning\wissam_alahmadieh\venv\lib\site-packages\django\template\base.py", line 162, in _render
    return self.nodelist.render(context)
  File "D:\workbench2\learning\wissam_alahmadieh\venv\lib\site-packages\django\template\base.py", line 938, in render
    bit = node.render_annotated(context)
  File "D:\workbench2\learning\wissam_alahmadieh\venv\lib\site-packages\django\template\base.py", line 905, in render_annotated
    return self.render(context)
  File "D:\workbench2\learning\wissam_alahmadieh\venv\lib\site-packages\django\template\loader_tags.py", line 150, in render
    return compiled_parent._render(context)
  File "D:\workbench2\learning\wissam_alahmadieh\venv\lib\site-packages\django\template\base.py", line 162, in _render
    return self.nodelist.render(context)
  File "D:\workbench2\learning\wissam_alahmadieh\venv\lib\site-packages\django\template\base.py", line 938, in render
    bit = node.render_annotated(context)
  File "D:\workbench2\learning\wissam_alahmadieh\venv\lib\site-packages\django\template\base.py", line 905, in render_annotated
    return self.render(context)
  File "D:\workbench2\learning\wissam_alahmadieh\venv\lib\site-packages\django\template\defaulttags.py", line 312, in render
    return nodelist.render(context)
  File "D:\workbench2\learning\wissam_alahmadieh\venv\lib\site-packages\django\template\base.py", line 938, in render
    bit = node.render_annotated(context)
  File "D:\workbench2\learning\wissam_alahmadieh\venv\lib\site-packages\django\template\base.py", line 905, in render_annotated
    return self.render(context)
  File "D:\workbench2\learning\wissam_alahmadieh\venv\lib\site-packages\django\template\defaulttags.py", line 446, in render
    url = reverse(view_name, args=args, kwargs=kwargs, current_app=current_app)
  File "D:\workbench2\learning\wissam_alahmadieh\venv\lib\site-packages\django\urls\base.py", line 87, in reverse
    return iri_to_uri(resolver._reverse_with_prefix(view, prefix, *args, **kwargs))
  File "D:\workbench2\learning\wissam_alahmadieh\venv\lib\site-packages\django\urls\resolvers.py", line 685, in _reverse_with_prefix
    raise NoReverseMatch(msg)
django.urls.exceptions.NoReverseMatch: Reverse for 'user_logout' not found. 'user_logout' is not a valid view function or pattern name.
2021-04-03 01:02:43,931 | ERROR | log.py:224| Internal Server Error: /vacation_forms/
Traceback (most recent call last):
  File "D:\workbench2\learning\wissam_alahmadieh\venv\lib\site-packages\django\core\handlers\exception.py", line 47, in inner
    response = get_response(request)
  File "D:\workbench2\learning\wissam_alahmadieh\venv\lib\site-packages\django\core\handlers\base.py", line 181, in _get_response
    response = wrapped_callback(request, *callback_args, **callback_kwargs)
  File "D:\workbench2\learning\wissam_alahmadieh\src\python-bootcamp\final_project\final_app\views.py", line 168, in vacation_forms
    return render(request,'vacation_forms.html',context)
  File "D:\workbench2\learning\wissam_alahmadieh\venv\lib\site-packages\django\shortcuts.py", line 19, in render
    content = loader.render_to_string(template_name, context, request, using=using)
  File "D:\workbench2\learning\wissam_alahmadieh\venv\lib\site-packages\django\template\loader.py", line 62, in render_to_string
    return template.render(context, request)
  File "D:\workbench2\learning\wissam_alahmadieh\venv\lib\site-packages\django\template\backends\django.py", line 61, in render
    return self.template.render(context)
  File "D:\workbench2\learning\wissam_alahmadieh\venv\lib\site-packages\django\template\base.py", line 170, in render
    return self._render(context)
  File "D:\workbench2\learning\wissam_alahmadieh\venv\lib\site-packages\django\template\base.py", line 162, in _render
    return self.nodelist.render(context)
  File "D:\workbench2\learning\wissam_alahmadieh\venv\lib\site-packages\django\template\base.py", line 938, in render
    bit = node.render_annotated(context)
  File "D:\workbench2\learning\wissam_alahmadieh\venv\lib\site-packages\django\template\base.py", line 905, in render_annotated
    return self.render(context)
  File "D:\workbench2\learning\wissam_alahmadieh\venv\lib\site-packages\django\template\loader_tags.py", line 150, in render
    return compiled_parent._render(context)
  File "D:\workbench2\learning\wissam_alahmadieh\venv\lib\site-packages\django\template\base.py", line 162, in _render
    return self.nodelist.render(context)
  File "D:\workbench2\learning\wissam_alahmadieh\venv\lib\site-packages\django\template\base.py", line 938, in render
    bit = node.render_annotated(context)
  File "D:\workbench2\learning\wissam_alahmadieh\venv\lib\site-packages\django\template\base.py", line 905, in render_annotated
    return self.render(context)
  File "D:\workbench2\learning\wissam_alahmadieh\venv\lib\site-packages\django\template\defaulttags.py", line 312, in render
    return nodelist.render(context)
  File "D:\workbench2\learning\wissam_alahmadieh\venv\lib\site-packages\django\template\base.py", line 938, in render
    bit = node.render_annotated(context)
  File "D:\workbench2\learning\wissam_alahmadieh\venv\lib\site-packages\django\template\base.py", line 905, in render_annotated
    return self.render(context)
  File "D:\workbench2\learning\wissam_alahmadieh\venv\lib\site-packages\django\template\defaulttags.py", line 446, in render
    url = reverse(view_name, args=args, kwargs=kwargs, current_app=current_app)
  File "D:\workbench2\learning\wissam_alahmadieh\venv\lib\site-packages\django\urls\base.py", line 87, in reverse
    return iri_to_uri(resolver._reverse_with_prefix(view, prefix, *args, **kwargs))
  File "D:\workbench2\learning\wissam_alahmadieh\venv\lib\site-packages\django\urls\resolvers.py", line 685, in _reverse_with_prefix
    raise NoReverseMatch(msg)
django.urls.exceptions.NoReverseMatch: Reverse for 'user_logout' not found. 'user_logout' is not a valid view function or pattern name.
2021-04-03 01:02:43,963 | ERROR | basehttp.py:157| "GET /vacation_forms/ HTTP/1.1" 500 152495
2021-04-03 01:02:43,963 | ERROR | basehttp.py:157| "GET /vacation_forms/ HTTP/1.1" 500 152495
2021-04-03 01:03:42,785 | DEBUG | views.py:156| Now we are in the vacation forms
2021-04-03 01:03:59,276 | ERROR | views.py:215| Error while saving vacation
Traceback (most recent call last):
  File "D:\workbench2\learning\wissam_alahmadieh\src\python-bootcamp\final_project\final_app\views.py", line 195, in save_vacation
    vacation.date_from = datetime.strptime(date_from, "%d/%m/%Y")
NameError: name 'datetime' is not defined
2021-04-03 01:04:00,589 | ERROR | views.py:215| Error while saving vacation
Traceback (most recent call last):
  File "D:\workbench2\learning\wissam_alahmadieh\src\python-bootcamp\final_project\final_app\views.py", line 195, in save_vacation
    vacation.date_from = datetime.strptime(date_from, "%d/%m/%Y")
NameError: name 'datetime' is not defined
2021-04-03 01:04:12,368 | ERROR | views.py:215| Error while saving vacation
Traceback (most recent call last):
  File "D:\workbench2\learning\wissam_alahmadieh\src\python-bootcamp\final_project\final_app\views.py", line 195, in save_vacation
    vacation.date_from = datetime.strptime(date_from, "%d/%m/%Y")
NameError: name 'datetime' is not defined
2021-04-03 01:04:22,699 | ERROR | views.py:215| Error while saving vacation
Traceback (most recent call last):
  File "D:\workbench2\learning\wissam_alahmadieh\src\python-bootcamp\final_project\final_app\views.py", line 195, in save_vacation
    vacation.date_from = datetime.strptime(date_from, "%d/%m/%Y")
NameError: name 'datetime' is not defined
2021-04-03 01:05:54,099 | DEBUG | proactor_events.py:623| Using proactor: IocpProactor
2021-04-03 01:10:12,495 | DEBUG | proactor_events.py:623| Using proactor: IocpProactor
2021-04-03 01:10:21,917 | ERROR | views.py:216| Error while saving vacation
Traceback (most recent call last):
  File "D:\workbench2\learning\wissam_alahmadieh\src\python-bootcamp\final_project\final_app\views.py", line 196, in save_vacation
    vacation.date_from = datetime.strptime(date_from, "%d/%m/%Y")
NameError: name 'datetime' is not defined
2021-04-03 01:10:21,929 | DEBUG | views.py:157| Now we are in the vacation forms
2021-04-03 01:10:36,451 | ERROR | views.py:216| Error while saving vacation
Traceback (most recent call last):
  File "D:\workbench2\learning\wissam_alahmadieh\src\python-bootcamp\final_project\final_app\views.py", line 196, in save_vacation
    vacation.date_from = datetime.strptime(date_from, "%d/%m/%Y")
NameError: name 'datetime' is not defined
2021-04-03 01:10:39,918 | DEBUG | views.py:44| Index
2021-04-03 01:10:39,924 | INFO | views.py:45| Index 
2021-04-03 01:10:39,926 | WARNING | views.py:46| warning
2021-04-03 01:10:39,957 | ERROR | views.py:47| ll
2021-04-03 01:13:42,686 | DEBUG | proactor_events.py:623| Using proactor: IocpProactor
